<?xml version="1.0" encoding="UTF-8"?>
<testng-results skipped="0" failed="0" ignored="0" total="1" passed="1">
  <reporter-output>
  </reporter-output>
  <suite name="Suite" duration-ms="7952" started-at="2020-03-23T15:51:36 IST" finished-at="2020-03-23T15:51:44 IST">
    <groups>
    </groups>
    <test name="Test" duration-ms="7952" started-at="2020-03-23T15:51:36 IST" finished-at="2020-03-23T15:51:44 IST">
      <class name="TestPackage.SimpleRun">
        <test-method status="PASS" signature="initializer()[pri:0, instance:TestPackage.SimpleRun@6f7fd0e6]" name="initializer" is-config="true" duration-ms="5588" started-at="2020-03-23T15:51:36 IST" finished-at="2020-03-23T15:51:42 IST">
          <reporter-output>
          </reporter-output>
        </test-method> <!-- initializer -->
        <test-method status="PASS" signature="Startup()[pri:0, instance:TestPackage.SimpleRun@6f7fd0e6]" name="Startup" duration-ms="2308" started-at="2020-03-23T15:51:42 IST" finished-at="2020-03-23T15:51:44 IST">
          <reporter-output>
          </reporter-output>
        </test-method> <!-- Startup -->
      </class> <!-- TestPackage.SimpleRun -->
    </test> <!-- Test -->
  </suite> <!-- Suite -->
</testng-results>
